<?xml version="1.0" encoding="UTF-8"?>
<!-- Generated by org.testng.reporters.JUnitReportReporter -->
<testsuite hostname="DESKTOP-1E7MQ28" failures="0" tests="1" name="TestNG_practice.Table_practice" time="3.376" errors="0" timestamp="2023-12-08T16:55:17 IST" skipped="0">
  <testcase classname="TestNG_practice.Table_practice" name="main" time="3.376"/>
</testsuite> <!-- TestNG_practice.Table_practice -->
