<?xml version="1.0" encoding="UTF-8"?>
<!-- Generated by org.testng.reporters.JUnitReportReporter -->
<testsuite hostname="DESKTOP-1E7MQ28" failures="0" tests="1" name="TestNG_practice.dataprovider_anotherclass_practice" time="5.699" errors="0" timestamp="2023-12-19T18:53:43 IST" skipped="0">
  <testcase classname="TestNG_practice.dataprovider_anotherclass_practice" name="login" time="5.699"/>
</testsuite> <!-- TestNG_practice.dataprovider_anotherclass_practice -->
