<?xml version="1.0" encoding="UTF-8"?>
<!-- Generated by org.testng.reporters.JUnitReportReporter -->
<testsuite hostname="DESKTOP-1E7MQ28" failures="0" tests="2" name="TestNG_practice.dataprovider_anotherclass_practice" time="6.996" errors="0" timestamp="2024-03-21T13:39:08 IST" skipped="0">
  <testcase classname="TestNG_practice.dataprovider_anotherclass_practice" name="login" time="3.261"/>
  <testcase classname="TestNG_practice.dataprovider_anotherclass_practice" name="login" time="3.735"/>
</testsuite> <!-- TestNG_practice.dataprovider_anotherclass_practice -->
