<?xml version="1.0" encoding="UTF-8"?>
<!-- Generated by org.testng.reporters.JUnitReportReporter -->
<testsuite hostname="DESKTOP-1E7MQ28" failures="0" tests="2" name="TestNG_practice.dataprovider_anotherclass_practice" time="15.592" errors="0" timestamp="2023-12-15T18:29:13 IST" skipped="0">
  <testcase classname="TestNG_practice.dataprovider_anotherclass_practice" name="login" time="7.195"/>
  <testcase classname="TestNG_practice.dataprovider_anotherclass_practice" name="login" time="8.397"/>
</testsuite> <!-- TestNG_practice.dataprovider_anotherclass_practice -->
