<?xml version="1.0" encoding="UTF-8"?>
<!-- Generated by org.testng.reporters.JUnitReportReporter -->
<testsuite hostname="DESKTOP-1E7MQ28" failures="0" tests="1" name="TestNG_practice.Table_practice" time="6.373" errors="0" timestamp="2024-03-21T13:30:14 IST" skipped="0">
  <testcase classname="TestNG_practice.Table_practice" name="main" time="6.373"/>
</testsuite> <!-- TestNG_practice.Table_practice -->
