<?xml version="1.0" encoding="UTF-8"?>
<!-- Generated by org.testng.reporters.JUnitReportReporter -->
<testsuite hostname="DESKTOP-1E7MQ28" failures="0" tests="2" name="TestNG_practice.Groups_atr_practice" time="0.007" errors="0" timestamp="2023-12-11T13:02:53 IST" skipped="0">
  <testcase classname="TestNG_practice.Groups_atr_practice" name="signup" time="0.001"/>
  <testcase classname="TestNG_practice.Groups_atr_practice" name="add_to_cart" time="0.006"/>
</testsuite> <!-- TestNG_practice.Groups_atr_practice -->
