<?xml version="1.0" encoding="UTF-8"?>
<!-- Generated by org.testng.reporters.JUnitReportReporter -->
<testsuite hostname="DESKTOP-1E7MQ28" failures="0" tests="2" name="TestNG_practice.Parameter_annotation_practice" time="9.383" errors="0" timestamp="2024-03-26T13:11:27 IST" skipped="0">
  <testcase classname="TestNG_practice.Parameter_annotation_practice" name="login" time="4.540"/>
  <testcase classname="TestNG_practice.Parameter_annotation_practice" name="login" time="4.843"/>
</testsuite> <!-- TestNG_practice.Parameter_annotation_practice -->
