<?xml version="1.0" encoding="UTF-8"?>
<!-- Generated by org.testng.reporters.JUnitReportReporter -->
<testsuite hostname="DESKTOP-1E7MQ28" failures="0" tests="2" name="TestNG_practice.Dataprovider_practice" time="16.401" errors="0" timestamp="2023-12-14T15:39:34 IST" skipped="0">
  <testcase classname="TestNG_practice.Dataprovider_practice" name="login" time="3.520"/>
  <testcase classname="TestNG_practice.Dataprovider_practice" name="login" time="12.881"/>
</testsuite> <!-- TestNG_practice.Dataprovider_practice -->
