<?xml version="1.0" encoding="UTF-8"?>
<!-- Generated by org.testng.reporters.JUnitReportReporter -->
<testsuite hostname="DESKTOP-1E7MQ28" failures="0" tests="1" name="TestNG_practice.Dataprovider_practice" time="21.540" errors="0" timestamp="2023-12-19T18:48:05 IST" skipped="0">
  <testcase classname="TestNG_practice.Dataprovider_practice" name="login" time="21.540"/>
</testsuite> <!-- TestNG_practice.Dataprovider_practice -->
