<?xml version="1.0" encoding="UTF-8"?>
<!-- Generated by org.testng.reporters.JUnitReportReporter -->
<testsuite hostname="DESKTOP-1E7MQ28" failures="0" tests="1" name="TestNG_practice.Table_practice" time="4.892" errors="0" timestamp="2023-12-08T14:04:03 IST" skipped="0">
  <testcase classname="TestNG_practice.Table_practice" name="main" time="4.892"/>
</testsuite> <!-- TestNG_practice.Table_practice -->
