<?xml version="1.0" encoding="UTF-8"?>
<!-- Generated by org.testng.reporters.JUnitReportReporter -->
<testsuite hostname="DESKTOP-1E7MQ28" failures="0" tests="2" name="TestNG_practice.Dataprovider_practice" time="7.239" errors="0" timestamp="2024-03-21T13:38:20 IST" skipped="0">
  <testcase classname="TestNG_practice.Dataprovider_practice" name="login" time="3.710"/>
  <testcase classname="TestNG_practice.Dataprovider_practice" name="login" time="3.529"/>
</testsuite> <!-- TestNG_practice.Dataprovider_practice -->
