<?xml version="1.0" encoding="UTF-8"?>
<!-- Generated by org.testng.reporters.JUnitReportReporter -->
<testsuite hostname="DESKTOP-1E7MQ28" failures="0" tests="1" name="TestNG_practice.checkbox_table_practice" time="7.017" errors="0" timestamp="2024-03-21T13:30:14 IST" skipped="0">
  <testcase classname="TestNG_practice.checkbox_table_practice" name="checkbox_table" time="7.017"/>
</testsuite> <!-- TestNG_practice.checkbox_table_practice -->
